app/manifest-merger-release-report.txt
-- Merging decision tree log ---
manifest
ADDED from AndroidManifest.xml:2:1
	xmlns:android
		ADDED from AndroidManifest.xml:2:11
	package
		ADDED from AndroidManifest.xml:3:5
		INJECTED from AndroidManifest.xml:0:0
		INJECTED from AndroidManifest.xml:0:0
	android:versionName
		ADDED from AndroidManifest.xml:5:5
		INJECTED from AndroidManifest.xml:0:0
		INJECTED from AndroidManifest.xml:0:0
	android:versionCode
		ADDED from AndroidManifest.xml:4:5
		INJECTED from AndroidManifest.xml:0:0
		INJECTED from AndroidManifest.xml:0:0
uses-sdk
ADDED from AndroidManifest.xml:7:5
MERGED from com.android.support:appcompat-v7:21.0.3:15:5
MERGED from com.android.support:support-v4:21.0.3:15:5
	android:targetSdkVersion
		INJECTED from AndroidManifest.xml:0:0
		INJECTED from AndroidManifest.xml:0:0
	android:minSdkVersion
		ADDED from AndroidManifest.xml:7:15
		INJECTED from AndroidManifest.xml:0:0
		INJECTED from AndroidManifest.xml:0:0
uses-permission#android.permission.INTERNET
ADDED from AndroidManifest.xml:9:5
	android:name
		ADDED from AndroidManifest.xml:9:22
uses-permission#android.permission.CAMERA
ADDED from AndroidManifest.xml:10:5
	android:name
		ADDED from AndroidManifest.xml:10:22
uses-permission#android.permission.WAKE_LOCK
ADDED from AndroidManifest.xml:11:5
	android:name
		ADDED from AndroidManifest.xml:11:22
uses-permission#android.permission.BROADCAST_STICKY
ADDED from AndroidManifest.xml:12:5
	android:name
		ADDED from AndroidManifest.xml:12:22
uses-permission#android.permission.RECEIVE_BOOT_COMPLETED
ADDED from AndroidManifest.xml:13:5
	android:name
		ADDED from AndroidManifest.xml:13:22
uses-permission#android.permission.ACCESS_NETWORK_STATE
ADDED from AndroidManifest.xml:14:5
	android:name
		ADDED from AndroidManifest.xml:14:22
uses-permission#android.permission.ACCESS_WIFI_STATE
ADDED from AndroidManifest.xml:15:5
	android:name
		ADDED from AndroidManifest.xml:15:22
uses-permission#android.permission.CHANGE_WIFI_STATE
ADDED from AndroidManifest.xml:16:5
	android:name
		ADDED from AndroidManifest.xml:16:22
uses-permission#android.permission.WRITE_EXTERNAL_STORAGE
ADDED from AndroidManifest.xml:17:5
	android:name
		ADDED from AndroidManifest.xml:17:22
uses-permission#android.permission.MOUNT_UNMOUNT_FILESYSTEMS
ADDED from AndroidManifest.xml:18:5
	android:name
		ADDED from AndroidManifest.xml:18:22
uses-permission#android.permission.SYSTEM_ALERT_WINDOW
ADDED from AndroidManifest.xml:19:5
	android:name
		ADDED from AndroidManifest.xml:19:22
uses-permission#android.permission.GET_TASKS
ADDED from AndroidManifest.xml:20:5
	android:name
		ADDED from AndroidManifest.xml:20:22
uses-feature#android.hardware.touchscreen
ADDED from AndroidManifest.xml:23:5
	android:required
		ADDED from AndroidManifest.xml:25:9
	android:name
		ADDED from AndroidManifest.xml:24:9
uses-feature#android.hardware.camera
ADDED from AndroidManifest.xml:26:5
	android:required
		ADDED from AndroidManifest.xml:28:9
	android:name
		ADDED from AndroidManifest.xml:27:9
uses-feature#android.hardware.camera.front
ADDED from AndroidManifest.xml:29:5
	android:required
		ADDED from AndroidManifest.xml:31:9
	android:name
		ADDED from AndroidManifest.xml:30:9
uses-feature#android.hardware.camera.autofocus
ADDED from AndroidManifest.xml:32:5
	android:required
		ADDED from AndroidManifest.xml:34:9
	android:name
		ADDED from AndroidManifest.xml:33:9
uses-feature#android.hardware.camera.flash
ADDED from AndroidManifest.xml:35:5
	android:required
		ADDED from AndroidManifest.xml:37:9
	android:name
		ADDED from AndroidManifest.xml:36:9
uses-feature#android.hardware.screen.landscape
ADDED from AndroidManifest.xml:39:5
	android:required
		ADDED from AndroidManifest.xml:41:9
	android:name
		ADDED from AndroidManifest.xml:40:9
supports-screens
ADDED from AndroidManifest.xml:43:5
	android:largeScreens
		ADDED from AndroidManifest.xml:45:9
	android:anyDensity
		ADDED from AndroidManifest.xml:44:9
	android:normalScreens
		ADDED from AndroidManifest.xml:46:9
	android:xlargeScreens
		ADDED from AndroidManifest.xml:48:9
	android:smallScreens
		ADDED from AndroidManifest.xml:47:9
application
ADDED from AndroidManifest.xml:50:5
MERGED from com.android.support:appcompat-v7:21.0.3:16:5
MERGED from com.android.support:support-v4:21.0.3:16:5
	android:allowBackup
		ADDED from AndroidManifest.xml:52:9
	android:icon
		ADDED from AndroidManifest.xml:53:9
	android:persistent
		ADDED from AndroidManifest.xml:54:9
	android:name
		ADDED from AndroidManifest.xml:51:9
activity#com.bitocean.dtm.MainActivity
ADDED from AndroidManifest.xml:55:9
	android:screenOrientation
		ADDED from AndroidManifest.xml:58:13
	android:name
		ADDED from AndroidManifest.xml:56:13
	android:launchMode
		ADDED from AndroidManifest.xml:57:13
intent-filter#android.intent.action.MAIN+android.intent.category.LAUNCHER
ADDED from AndroidManifest.xml:59:13
action#android.intent.action.MAIN
ADDED from AndroidManifest.xml:60:17
	android:name
		ADDED from AndroidManifest.xml:60:25
category#android.intent.category.LAUNCHER
ADDED from AndroidManifest.xml:62:17
	android:name
		ADDED from AndroidManifest.xml:62:27
intent-filter#android.intent.action.VIEW+android.intent.category.DEFAULT
ADDED from AndroidManifest.xml:64:13
action#android.intent.action.VIEW
ADDED from AndroidManifest.xml:65:17
	android:name
		ADDED from AndroidManifest.xml:65:25
category#android.intent.category.DEFAULT
ADDED from AndroidManifest.xml:66:17
	android:name
		ADDED from AndroidManifest.xml:66:27
activity#com.bitocean.dtm.SettingActivity
ADDED from AndroidManifest.xml:69:9
	android:screenOrientation
		ADDED from AndroidManifest.xml:71:13
	android:name
		ADDED from AndroidManifest.xml:70:13
activity#com.bitocean.dtm.UserActivity
ADDED from AndroidManifest.xml:72:9
	android:screenOrientation
		ADDED from AndroidManifest.xml:74:13
	android:name
		ADDED from AndroidManifest.xml:73:13
activity#com.bitocean.dtm.TradeModeActivity
ADDED from AndroidManifest.xml:75:9
	android:screenOrientation
		ADDED from AndroidManifest.xml:77:13
	android:name
		ADDED from AndroidManifest.xml:76:13
activity#com.bitocean.dtm.BuyQRActivity
ADDED from AndroidManifest.xml:78:9
	android:screenOrientation
		ADDED from AndroidManifest.xml:80:13
	android:name
		ADDED from AndroidManifest.xml:79:13
activity#com.bitocean.dtm.BuyWalletActivity
ADDED from AndroidManifest.xml:81:9
	android:screenOrientation
		ADDED from AndroidManifest.xml:83:13
	android:name
		ADDED from AndroidManifest.xml:82:13
activity#com.bitocean.dtm.SellActivity
ADDED from AndroidManifest.xml:84:9
	android:screenOrientation
		ADDED from AndroidManifest.xml:86:13
	android:name
		ADDED from AndroidManifest.xml:85:13
activity#com.bitocean.dtm.RedeemQRActivity
ADDED from AndroidManifest.xml:87:9
	android:screenOrientation
		ADDED from AndroidManifest.xml:89:13
	android:name
		ADDED from AndroidManifest.xml:88:13
activity#com.bitocean.dtm.QrCaptureActivity
ADDED from AndroidManifest.xml:90:9
	android:screenOrientation
		ADDED from AndroidManifest.xml:92:13
	android:name
		ADDED from AndroidManifest.xml:91:13
activity#com.bitocean.dtm.camera.CameraActivity
ADDED from AndroidManifest.xml:93:9
	android:screenOrientation
		ADDED from AndroidManifest.xml:95:13
	android:name
		ADDED from AndroidManifest.xml:94:13
activity#com.bitocean.dtm.LanguageActivity
ADDED from AndroidManifest.xml:96:9
	android:screenOrientation
		ADDED from AndroidManifest.xml:99:13
	android:configChanges
		ADDED from AndroidManifest.xml:98:13
	android:name
		ADDED from AndroidManifest.xml:97:13
activity#com.bitocean.dtm.DownloadApkActivity
ADDED from AndroidManifest.xml:100:9
	android:screenOrientation
		ADDED from AndroidManifest.xml:102:13
	android:name
		ADDED from AndroidManifest.xml:101:13
service#com.bitocean.dtm.service.ATMService
ADDED from AndroidManifest.xml:110:9
	android:exported
		ADDED from AndroidManifest.xml:113:13
	android:persistent
		ADDED from AndroidManifest.xml:112:13
	android:name
		ADDED from AndroidManifest.xml:111:13
receiver#com.bitocean.dtm.service.ATMReceiver
ADDED from AndroidManifest.xml:115:9
	android:name
		ADDED from AndroidManifest.xml:115:19
intent-filter#android.intent.action.BOOT_COMPLETED+android.intent.action.DATE_CHANGED+android.intent.action.PACKAGE_REPLACED+android.intent.action.TIME_SET+android.net.conn.CONNECTIVITY_CHANGE+android.net.wifi.STATE_CHANGE
ADDED from AndroidManifest.xml:116:13
action#android.intent.action.BOOT_COMPLETED
ADDED from AndroidManifest.xml:117:17
	android:name
		ADDED from AndroidManifest.xml:117:25
action#android.intent.action.PACKAGE_REPLACED
ADDED from AndroidManifest.xml:118:17
	android:name
		ADDED from AndroidManifest.xml:118:25
action#android.intent.action.DATE_CHANGED
ADDED from AndroidManifest.xml:119:17
	android:name
		ADDED from AndroidManifest.xml:119:25
action#android.intent.action.TIME_SET
ADDED from AndroidManifest.xml:120:17
	android:name
		ADDED from AndroidManifest.xml:120:25
action#android.net.conn.CONNECTIVITY_CHANGE
ADDED from AndroidManifest.xml:121:17
	android:name
		ADDED from AndroidManifest.xml:121:25
action#android.net.wifi.STATE_CHANGE
ADDED from AndroidManifest.xml:122:17
	android:name
		ADDED from AndroidManifest.xml:122:25
provider#com.bitocean.dtm.db.DBContentProvider
ADDED from AndroidManifest.xml:126:9
	android:authorities
		ADDED from AndroidManifest.xml:128:13
	android:name
		ADDED from AndroidManifest.xml:127:13
meta-data#UMENG_APPKEY
ADDED from AndroidManifest.xml:130:9
	android:name
		ADDED from AndroidManifest.xml:131:13
	android:value
		ADDED from AndroidManifest.xml:132:13
meta-data#UMENG_CHANNEL
ADDED from AndroidManifest.xml:133:9
	android:name
		ADDED from AndroidManifest.xml:134:13
	android:value
		ADDED from AndroidManifest.xml:135:13
service#com.umeng.update.net.DownloadingService
ADDED from AndroidManifest.xml:137:9
	android:process
		ADDED from AndroidManifest.xml:139:13
	android:name
		ADDED from AndroidManifest.xml:138:13
activity#com.umeng.update.UpdateDialogActivity
ADDED from AndroidManifest.xml:141:9
	android:theme
		ADDED from AndroidManifest.xml:143:13
	android:name
		ADDED from AndroidManifest.xml:142:13
meta-data#DTM_UUID
ADDED from AndroidManifest.xml:145:9
	android:name
		ADDED from AndroidManifest.xml:146:13
	android:value
		ADDED from AndroidManifest.xml:147:13
meta-data#DTM_CURRENCY
ADDED from AndroidManifest.xml:148:9
	android:name
		ADDED from AndroidManifest.xml:149:13
	android:value
		ADDED from AndroidManifest.xml:150:13
meta-data#DTM_STATE
ADDED from AndroidManifest.xml:151:9
	android:name
		ADDED from AndroidManifest.xml:152:13
	android:value
		ADDED from AndroidManifest.xml:153:13
meta-data#DTM_OPERATORS
ADDED from AndroidManifest.xml:154:9
	android:name
		ADDED from AndroidManifest.xml:155:13
	android:value
		ADDED from AndroidManifest.xml:156:13
meta-data#DTM_OPERATORS_PHONE
ADDED from AndroidManifest.xml:157:9
	android:name
		ADDED from AndroidManifest.xml:158:13
	android:value
		ADDED from AndroidManifest.xml:159:13
meta-data#DTM_BOX_IN_CASH
ADDED from AndroidManifest.xml:160:9
	android:name
		ADDED from AndroidManifest.xml:161:13
	android:value
		ADDED from AndroidManifest.xml:162:13
meta-data#DTM_BOX_OUT_CASH
ADDED from AndroidManifest.xml:163:9
	android:name
		ADDED from AndroidManifest.xml:164:13
	android:value
		ADDED from AndroidManifest.xml:165:13